<?xml version="1.0" encoding="UTF-8" ?>
<testsuite failures="0" time="25.691" errors="0" skipped="0" tests="9" name="runTestcases.RunCreateNewLocationTest">
  <properties>
    <property name="java.runtime.name" value="Java(TM) SE Runtime Environment"/>
    <property name="sun.boot.library.path" value="C:\Program Files\Java\jdk1.7\jre\bin"/>
    <property name="java.vm.version" value="24.51-b03"/>
    <property name="java.vm.vendor" value="Oracle Corporation"/>
    <property name="java.vendor.url" value="http://java.oracle.com/"/>
    <property name="path.separator" value=";"/>
    <property name="guice.disable.misplaced.annotation.check" value="true"/>
    <property name="java.vm.name" value="Java HotSpot(TM) 64-Bit Server VM"/>
    <property name="file.encoding.pkg" value="sun.io"/>
    <property name="user.script" value=""/>
    <property name="user.country" value="GB"/>
    <property name="sun.java.launcher" value="SUN_STANDARD"/>
    <property name="sun.os.patch.level" value="Service Pack 1"/>
    <property name="java.vm.specification.name" value="Java Virtual Machine Specification"/>
    <property name="user.dir" value="C:\Users\nuthanagantin\Desktop\CucumberTest\CucumberTest\smartfocus_AutomationTest"/>
    <property name="java.runtime.version" value="1.7.0_51-b13"/>
    <property name="java.awt.graphicsenv" value="sun.awt.Win32GraphicsEnvironment"/>
    <property name="java.endorsed.dirs" value="C:\Program Files\Java\jdk1.7\jre\lib\endorsed"/>
    <property name="os.arch" value="amd64"/>
    <property name="java.io.tmpdir" value="C:\Users\NUTHAN~1\AppData\Local\Temp\"/>
    <property name="line.separator" value="
"/>
    <property name="java.vm.specification.vendor" value="Oracle Corporation"/>
    <property name="user.variant" value=""/>
    <property name="os.name" value="Windows 7"/>
    <property name="classworlds.conf" value="C:\Users\nuthanagantin\Desktop\CucumberTest\CucumberTest\.metadata\.plugins\org.eclipse.m2e.launching\launches\m2conf2170647928785137319.tmp"/>
    <property name="sun.jnu.encoding" value="Cp1252"/>
    <property name="java.library.path" value="C:\Program Files\Java\jdk1.7\bin;C:\Windows\Sun\Java\bin;C:\Windows\system32;C:\Windows;C:\ProgramData\Oracle\Java\javapath;C:\Ruby22\bin;C:\Windows\system32;C:\Windows;C:\Windows\System32\Wbem;C:\Windows\System32\WindowsPowerShell\v1.0\;C:\Program Files\Google\Google Apps Sync\;C:\Program Files\Google\Google Apps Migration\;C:\Program Files\Intel\WiFi\bin\;C:\Program Files\Common Files\Intel\WirelessCommon\;C:\Program Files (x86)\QuickTime\QTSystem\;C:\apache-maven-3.0.5\bin;C:\Program Files\Java\jdk1.7\bin;C:\Program Files\TortoiseSVN\bin;C:\Program Files\Git\cmd;C:\Program Files\Git\bin;C:\Program Files\nodejs\;C:\AngularJS\chromedriver.exe;C:\Jmeter\apache-jmeter-2.11\bin;C:\Users\nuthanagantin\AppData\Roaming\npm\node_modules\mocha\node_modules\.bin;C:\Program Files\chromedriver;C:\AngularJS\yadda\examples\chromedriver;C:\Program Files\TortoiseGit\bin;C:\Program Files (x86)\Spoon\Cmd;C:\Program Files (x86)\MySQL\MySQL Utilities 1.3.6\;C:\Program Files (x86)\Skype\Phone\;C:\Users\nuthanagantin\AppData\Roaming\npm;C:\Users\nuthanagantin\AppData\Local\Code\bin;."/>
    <property name="java.specification.name" value="Java Platform API Specification"/>
    <property name="java.class.version" value="51.0"/>
    <property name="sun.management.compiler" value="HotSpot 64-Bit Tiered Compilers"/>
    <property name="os.version" value="6.1"/>
    <property name="user.home" value="C:\Users\nuthanagantin"/>
    <property name="user.timezone" value="Europe/London"/>
    <property name="java.awt.printerjob" value="sun.awt.windows.WPrinterJob"/>
    <property name="java.specification.version" value="1.7"/>
    <property name="file.encoding" value="Cp1252"/>
    <property name="user.name" value="Nuthanagantin"/>
    <property name="java.class.path" value="/C:/eclipse/configuration/org.eclipse.osgi/bundles/818/1/.cp/jars/plexus-classworlds-2.4.jar"/>
    <property name="java.vm.specification.version" value="1.7"/>
    <property name="sun.arch.data.model" value="64"/>
    <property name="java.home" value="C:\Program Files\Java\jdk1.7\jre"/>
    <property name="sun.java.command" value="org.codehaus.plexus.classworlds.launcher.Launcher -B test"/>
    <property name="java.specification.vendor" value="Oracle Corporation"/>
    <property name="user.language" value="en"/>
    <property name="awt.toolkit" value="sun.awt.windows.WToolkit"/>
    <property name="java.vm.info" value="mixed mode"/>
    <property name="java.version" value="1.7.0_51"/>
    <property name="java.ext.dirs" value="C:\Program Files\Java\jdk1.7\jre\lib\ext;C:\Windows\Sun\Java\lib\ext"/>
    <property name="sun.boot.class.path" value="C:\Program Files\Java\jdk1.7\jre\lib\resources.jar;C:\Program Files\Java\jdk1.7\jre\lib\rt.jar;C:\Program Files\Java\jdk1.7\jre\lib\sunrsasign.jar;C:\Program Files\Java\jdk1.7\jre\lib\jsse.jar;C:\Program Files\Java\jdk1.7\jre\lib\jce.jar;C:\Program Files\Java\jdk1.7\jre\lib\charsets.jar;C:\Program Files\Java\jdk1.7\jre\lib\jfr.jar;C:\Program Files\Java\jdk1.7\jre\classes"/>
    <property name="java.vendor" value="Oracle Corporation"/>
    <property name="maven.home" value="C:\Users\nuthanagantin\Desktop\CucumberTest\CucumberTest\smartfocus_AutomationTest\EMBEDDED"/>
    <property name="file.separator" value="\"/>
    <property name="java.vendor.url.bug" value="http://bugreport.sun.com/bugreport/"/>
    <property name="maven.bootclasspath" value="/C:/eclipse/configuration/org.eclipse.osgi/bundles/818/1/.cp/jars/plexus-classworlds-2.4.jar"/>
    <property name="sun.cpu.endian" value="little"/>
    <property name="sun.io.unicode.encoding" value="UnicodeLittle"/>
    <property name="sun.desktop" value="windows"/>
    <property name="sun.cpu.isalist" value="amd64"/>
  </properties>
  <testcase time="0" classname="| \&quot;Manor Park\u002C London\&quot; | 101 | \&quot;Manor Park is residential area in the London Borough of Newham\&quot; | \&quot;EC1A 4HD\&quot; | 6 | 10 |" name="Given User is on Smart Focus site"/>
  <testcase time="0" classname="| \&quot;Manor Park\u002C London\&quot; | 101 | \&quot;Manor Park is residential area in the London Borough of Newham\&quot; | \&quot;EC1A 4HD\&quot; | 6 | 10 |" name="And User clicks on \&apos;New\&apos;"/>
  <testcase time="0" classname="| \&quot;Manor Park\u002C London\&quot; | 101 | \&quot;Manor Park is residential area in the London Borough of Newham\&quot; | \&quot;EC1A 4HD\&quot; | 6 | 10 |" name="When User clicks on \&apos;Location\&apos;"/>
  <testcase time="0" classname="| \&quot;Manor Park\u002C London\&quot; | 101 | \&quot;Manor Park is residential area in the London Borough of Newham\&quot; | \&quot;EC1A 4HD\&quot; | 6 | 10 |" name="Then New location form should appear"/>
  <testcase time="0" classname="| \&quot;Manor Park\u002C London\&quot; | 101 | \&quot;Manor Park is residential area in the London Borough of Newham\&quot; | \&quot;EC1A 4HD\&quot; | 6 | 10 |" name="And User fills \&quot;Manor Park\u002C London\&quot; 101 \&quot;Manor Park is residential area in the London Borough of Newham\&quot; \&quot;EC1A 4HD\&quot; 6 10"/>
  <testcase time="0.001" classname="| \&quot;Manor Park\u002C London\&quot; | 101 | \&quot;Manor Park is residential area in the London Borough of Newham\&quot; | \&quot;EC1A 4HD\&quot; | 6 | 10 |" name="When User clicks on Create"/>
  <testcase time="0" classname="| \&quot;Manor Park\u002C London\&quot; | 101 | \&quot;Manor Park is residential area in the London Borough of Newham\&quot; | \&quot;EC1A 4HD\&quot; | 6 | 10 |" name="Then New location should be created"/>
  <testcase time="0" classname="| \&quot;Manor Park\u002C London\&quot; | 101 | \&quot;Manor Park is residential area in the London Borough of Newham\&quot; | \&quot;EC1A 4HD\&quot; | 6 | 10 |" name="And Screen navigates to the new location"/>
  <testcase time="3.937" classname="| \&quot;Manor Park\u002C London\&quot; | 101 | \&quot;Manor Park is residential area in the London Borough of Newham\&quot; | \&quot;EC1A 4HD\&quot; | 6 | 10 |" name="| \&quot;Manor Park\u002C London\&quot; | 101 | \&quot;Manor Park is residential area in the London Borough of Newham\&quot; | \&quot;EC1A 4HD\&quot; | 6 | 10 |"/>
</testsuite>